<?xml version="1.0" encoding="UTF-8"?>
<!-- Generated by org.testng.reporters.JUnitXMLReporter -->
<testsuite ignored="0" hostname="DESKTOP-5QO856R" failures="0" tests="83" name="Test" time="1.761" errors="0" timestamp="2022-05-07T17:32:57 EDT">
  <testcase classname="com.DsAlgo.testCases.TreePageTest" name="@BeforeMethod setUp" time="-1.651959175976E9">
    <failure type="org.testng.TestNGException" message="
Parameter &amp;apos;browserName&amp;apos; is required by BeforeMethod on method setUp but has not been marked @Optional or defined
in C:\Users\divya\eclipse-workspace\DsAlgoProject\testng.xml">
      <![CDATA[org.testng.TestNGException: 
Parameter 'browserName' is required by BeforeMethod on method setUp but has not been marked @Optional or defined
in C:\Users\divya\eclipse-workspace\DsAlgoProject\testng.xml
at java.base/java.util.ArrayList.forEach(ArrayList.java:1511)
... Removed 28 stack frames]]>
    </failure>
  </testcase> <!-- @BeforeMethod setUp -->
  <testcase classname="com.DsAlgo.testCases.TreePageTest" name="@AfterMethod tearDown" time="0.0">
    <skipped/>
  </testcase> <!-- @AfterMethod tearDown -->
  <testcase classname="com.DsAlgo.testCases.TreePageTest" name="@BeforeMethod setUp" time="0.0">
    <skipped/>
  </testcase> <!-- @BeforeMethod setUp -->
  <testcase classname="com.DsAlgo.testCases.TreePageTest" name="@AfterMethod tearDown" time="0.0">
    <skipped/>
  </testcase> <!-- @AfterMethod tearDown -->
  <testcase classname="com.DsAlgo.testCases.TreePageTest" name="@BeforeMethod setUp" time="0.0">
    <skipped/>
  </testcase> <!-- @BeforeMethod setUp -->
  <testcase classname="com.DsAlgo.testCases.TreePageTest" name="@AfterMethod tearDown" time="0.0">
    <skipped/>
  </testcase> <!-- @AfterMethod tearDown -->
  <testcase classname="com.DsAlgo.testCases.TreePageTest" name="@BeforeMethod setUp" time="0.0">
    <skipped/>
  </testcase> <!-- @BeforeMethod setUp -->
  <testcase classname="com.DsAlgo.testCases.TreePageTest" name="@AfterMethod tearDown" time="0.0">
    <skipped/>
  </testcase> <!-- @AfterMethod tearDown -->
  <testcase classname="com.DsAlgo.testCases.TreePageTest" name="@BeforeMethod setUp" time="0.0">
    <skipped/>
  </testcase> <!-- @BeforeMethod setUp -->
  <testcase classname="com.DsAlgo.testCases.TreePageTest" name="@AfterMethod tearDown" time="0.0">
    <skipped/>
  </testcase> <!-- @AfterMethod tearDown -->
  <testcase classname="com.DsAlgo.testCases.TreePageTest" name="@BeforeMethod setUp" time="0.0">
    <skipped/>
  </testcase> <!-- @BeforeMethod setUp -->
  <testcase classname="com.DsAlgo.testCases.TreePageTest" name="@AfterMethod tearDown" time="0.0">
    <skipped/>
  </testcase> <!-- @AfterMethod tearDown -->
  <testcase classname="com.DsAlgo.testCases.TreePageTest" name="@BeforeMethod setUp" time="0.0">
    <skipped/>
  </testcase> <!-- @BeforeMethod setUp -->
  <testcase classname="com.DsAlgo.testCases.TreePageTest" name="@AfterMethod tearDown" time="0.0">
    <skipped/>
  </testcase> <!-- @AfterMethod tearDown -->
  <testcase classname="com.DsAlgo.testCases.TreePageTest" name="@BeforeMethod setUp" time="0.0">
    <skipped/>
  </testcase> <!-- @BeforeMethod setUp -->
  <testcase classname="com.DsAlgo.testCases.TreePageTest" name="@AfterMethod tearDown" time="0.0">
    <skipped/>
  </testcase> <!-- @AfterMethod tearDown -->
  <testcase classname="com.DsAlgo.testCases.TreePageTest" name="@BeforeMethod setUp" time="0.0">
    <skipped/>
  </testcase> <!-- @BeforeMethod setUp -->
  <testcase classname="com.DsAlgo.testCases.TreePageTest" name="@AfterMethod tearDown" time="0.0">
    <skipped/>
  </testcase> <!-- @AfterMethod tearDown -->
  <testcase classname="com.DsAlgo.testCases.TreePageTest" name="@BeforeMethod setUp" time="0.0">
    <skipped/>
  </testcase> <!-- @BeforeMethod setUp -->
  <testcase classname="com.DsAlgo.testCases.TreePageTest" name="@AfterMethod tearDown" time="0.0">
    <skipped/>
  </testcase> <!-- @AfterMethod tearDown -->
  <testcase classname="com.DsAlgo.testCases.TreePageTest" name="@BeforeMethod setUp" time="0.0">
    <skipped/>
  </testcase> <!-- @BeforeMethod setUp -->
  <testcase classname="com.DsAlgo.testCases.TreePageTest" name="@AfterMethod tearDown" time="0.0">
    <skipped/>
  </testcase> <!-- @AfterMethod tearDown -->
  <testcase classname="com.DsAlgo.testCases.TreePageTest" name="@BeforeMethod setUp" time="0.0">
    <skipped/>
  </testcase> <!-- @BeforeMethod setUp -->
  <testcase classname="com.DsAlgo.testCases.TreePageTest" name="@AfterMethod tearDown" time="0.0">
    <skipped/>
  </testcase> <!-- @AfterMethod tearDown -->
  <testcase classname="com.DsAlgo.testCases.TreePageTest" name="@BeforeMethod setUp" time="0.0">
    <skipped/>
  </testcase> <!-- @BeforeMethod setUp -->
  <testcase classname="com.DsAlgo.testCases.TreePageTest" name="@AfterMethod tearDown" time="0.0">
    <skipped/>
  </testcase> <!-- @AfterMethod tearDown -->
  <testcase classname="com.DsAlgo.testCases.TreePageTest" name="@BeforeMethod setUp" time="0.0">
    <skipped/>
  </testcase> <!-- @BeforeMethod setUp -->
  <testcase classname="com.DsAlgo.testCases.TreePageTest" name="@AfterMethod tearDown" time="0.0">
    <skipped/>
  </testcase> <!-- @AfterMethod tearDown -->
  <testcase classname="com.DsAlgo.testCases.TreePageTest" name="@BeforeMethod setUp" time="0.0">
    <skipped/>
  </testcase> <!-- @BeforeMethod setUp -->
  <testcase classname="com.DsAlgo.testCases.TreePageTest" name="@AfterMethod tearDown" time="0.0">
    <skipped/>
  </testcase> <!-- @AfterMethod tearDown -->
  <testcase classname="com.DsAlgo.testCases.TreePageTest" name="@BeforeMethod setUp" time="0.0">
    <skipped/>
  </testcase> <!-- @BeforeMethod setUp -->
  <testcase classname="com.DsAlgo.testCases.TreePageTest" name="@AfterMethod tearDown" time="0.0">
    <skipped/>
  </testcase> <!-- @AfterMethod tearDown -->
  <testcase classname="com.DsAlgo.testCases.RegisterPageTest" name="@BeforeMethod setUp" time="-1.651959176292E9">
    <failure type="org.testng.TestNGException" message="
Parameter &amp;apos;browserName&amp;apos; is required by BeforeMethod on method setUp but has not been marked @Optional or defined
in C:\Users\divya\eclipse-workspace\DsAlgoProject\testng.xml">
      <![CDATA[org.testng.TestNGException: 
Parameter 'browserName' is required by BeforeMethod on method setUp but has not been marked @Optional or defined
in C:\Users\divya\eclipse-workspace\DsAlgoProject\testng.xml
at java.base/java.util.ArrayList.forEach(ArrayList.java:1511)
... Removed 28 stack frames]]>
    </failure>
  </testcase> <!-- @BeforeMethod setUp -->
  <testcase classname="com.DsAlgo.testCases.RegisterPageTest" name="@AfterMethod tearDown" time="0.0">
    <skipped/>
  </testcase> <!-- @AfterMethod tearDown -->
  <testcase classname="com.DsAlgo.testCases.RegisterPageTest" name="@BeforeMethod setUp" time="0.0">
    <skipped/>
  </testcase> <!-- @BeforeMethod setUp -->
  <testcase classname="com.DsAlgo.testCases.RegisterPageTest" name="@AfterMethod tearDown" time="0.0">
    <skipped/>
  </testcase> <!-- @AfterMethod tearDown -->
  <testcase classname="com.DsAlgo.testCases.RegisterPageTest" name="@BeforeMethod setUp" time="0.0">
    <skipped/>
  </testcase> <!-- @BeforeMethod setUp -->
  <testcase classname="com.DsAlgo.testCases.RegisterPageTest" name="@AfterMethod tearDown" time="0.0">
    <skipped/>
  </testcase> <!-- @AfterMethod tearDown -->
  <testcase classname="com.DsAlgo.testCases.ArraysPageTest" name="@BeforeMethod setUp" time="-1.65195917701E9">
    <failure type="org.testng.TestNGException" message="
Parameter &amp;apos;browserName&amp;apos; is required by BeforeMethod on method setUp but has not been marked @Optional or defined
in C:\Users\divya\eclipse-workspace\DsAlgoProject\testng.xml">
      <![CDATA[org.testng.TestNGException: 
Parameter 'browserName' is required by BeforeMethod on method setUp but has not been marked @Optional or defined
in C:\Users\divya\eclipse-workspace\DsAlgoProject\testng.xml
at java.base/java.util.ArrayList.forEach(ArrayList.java:1511)
... Removed 28 stack frames]]>
    </failure>
  </testcase> <!-- @BeforeMethod setUp -->
  <testcase classname="com.DsAlgo.testCases.ArraysPageTest" name="@AfterMethod tearDown" time="0.0">
    <skipped/>
  </testcase> <!-- @AfterMethod tearDown -->
  <testcase classname="com.DsAlgo.testCases.ArraysPageTest" name="@BeforeMethod setUp" time="0.0">
    <skipped/>
  </testcase> <!-- @BeforeMethod setUp -->
  <testcase classname="com.DsAlgo.testCases.ArraysPageTest" name="@AfterMethod tearDown" time="0.0">
    <skipped/>
  </testcase> <!-- @AfterMethod tearDown -->
  <testcase classname="com.DsAlgo.testCases.ArraysPageTest" name="@BeforeMethod setUp" time="0.0">
    <skipped/>
  </testcase> <!-- @BeforeMethod setUp -->
  <testcase classname="com.DsAlgo.testCases.ArraysPageTest" name="@AfterMethod tearDown" time="0.0">
    <skipped/>
  </testcase> <!-- @AfterMethod tearDown -->
  <testcase classname="com.DsAlgo.testCases.ArraysPageTest" name="@BeforeMethod setUp" time="0.0">
    <skipped/>
  </testcase> <!-- @BeforeMethod setUp -->
  <testcase classname="com.DsAlgo.testCases.ArraysPageTest" name="@AfterMethod tearDown" time="0.0">
    <skipped/>
  </testcase> <!-- @AfterMethod tearDown -->
  <testcase classname="com.DsAlgo.testCases.ArraysPageTest" name="@BeforeMethod setUp" time="0.0">
    <skipped/>
  </testcase> <!-- @BeforeMethod setUp -->
  <testcase classname="com.DsAlgo.testCases.ArraysPageTest" name="@AfterMethod tearDown" time="0.0">
    <skipped/>
  </testcase> <!-- @AfterMethod tearDown -->
  <testcase classname="com.DsAlgo.testCases.ArraysPageTest" name="@BeforeMethod setUp" time="0.0">
    <skipped/>
  </testcase> <!-- @BeforeMethod setUp -->
  <testcase classname="com.DsAlgo.testCases.ArraysPageTest" name="@AfterMethod tearDown" time="0.0">
    <skipped/>
  </testcase> <!-- @AfterMethod tearDown -->
  <testcase classname="com.DsAlgo.testCases.ArraysPageTest" name="@BeforeMethod setUp" time="0.0">
    <skipped/>
  </testcase> <!-- @BeforeMethod setUp -->
  <testcase classname="com.DsAlgo.testCases.ArraysPageTest" name="@AfterMethod tearDown" time="0.0">
    <skipped/>
  </testcase> <!-- @AfterMethod tearDown -->
  <testcase classname="com.DsAlgo.testCases.ArraysPageTest" name="@BeforeMethod setUp" time="0.0">
    <skipped/>
  </testcase> <!-- @BeforeMethod setUp -->
  <testcase classname="com.DsAlgo.testCases.ArraysPageTest" name="@AfterMethod tearDown" time="0.0">
    <skipped/>
  </testcase> <!-- @AfterMethod tearDown -->
  <testcase classname="com.DsAlgo.testCases.ArraysPageTest" name="@BeforeMethod setUp" time="0.0">
    <skipped/>
  </testcase> <!-- @BeforeMethod setUp -->
  <testcase classname="com.DsAlgo.testCases.ArraysPageTest" name="@AfterMethod tearDown" time="0.0">
    <skipped/>
  </testcase> <!-- @AfterMethod tearDown -->
  <testcase classname="com.DsAlgo.testCases.ArraysPageTest" name="@BeforeMethod setUp" time="0.0">
    <skipped/>
  </testcase> <!-- @BeforeMethod setUp -->
  <testcase classname="com.DsAlgo.testCases.ArraysPageTest" name="@AfterMethod tearDown" time="0.0">
    <skipped/>
  </testcase> <!-- @AfterMethod tearDown -->
  <testcase classname="com.DsAlgo.testCases.ArraysPageTest" name="@BeforeMethod setUp" time="0.0">
    <skipped/>
  </testcase> <!-- @BeforeMethod setUp -->
  <testcase classname="com.DsAlgo.testCases.ArraysPageTest" name="@AfterMethod tearDown" time="0.0">
    <skipped/>
  </testcase> <!-- @AfterMethod tearDown -->
  <testcase classname="com.DsAlgo.testCases.ArraysPageTest" name="@BeforeMethod setUp" time="0.0">
    <skipped/>
  </testcase> <!-- @BeforeMethod setUp -->
  <testcase classname="com.DsAlgo.testCases.ArraysPageTest" name="@AfterMethod tearDown" time="0.0">
    <skipped/>
  </testcase> <!-- @AfterMethod tearDown -->
  <testcase classname="com.DsAlgo.testCases.ArraysPageTest" name="@BeforeMethod setUp" time="0.0">
    <skipped/>
  </testcase> <!-- @BeforeMethod setUp -->
  <testcase classname="com.DsAlgo.testCases.ArraysPageTest" name="@AfterMethod tearDown" time="0.0">
    <skipped/>
  </testcase> <!-- @AfterMethod tearDown -->
  <testcase classname="com.DsAlgo.testCases.ArraysPageTest" name="@BeforeMethod setUp" time="0.0">
    <skipped/>
  </testcase> <!-- @BeforeMethod setUp -->
  <testcase classname="com.DsAlgo.testCases.ArraysPageTest" name="@AfterMethod tearDown" time="0.0">
    <skipped/>
  </testcase> <!-- @AfterMethod tearDown -->
  <testcase classname="com.DsAlgo.testCases.ArraysPageTest" name="@BeforeMethod setUp" time="0.0">
    <skipped/>
  </testcase> <!-- @BeforeMethod setUp -->
  <testcase classname="com.DsAlgo.testCases.ArraysPageTest" name="@AfterMethod tearDown" time="0.0">
    <skipped/>
  </testcase> <!-- @AfterMethod tearDown -->
  <testcase classname="com.DsAlgo.testCases.SignInPageTest" name="@BeforeMethod setUp" time="-1.651959177153E9">
    <failure type="org.testng.TestNGException" message="
Parameter &amp;apos;browserName&amp;apos; is required by BeforeMethod on method setUp but has not been marked @Optional or defined
in C:\Users\divya\eclipse-workspace\DsAlgoProject\testng.xml">
      <![CDATA[org.testng.TestNGException: 
Parameter 'browserName' is required by BeforeMethod on method setUp but has not been marked @Optional or defined
in C:\Users\divya\eclipse-workspace\DsAlgoProject\testng.xml
at java.base/java.util.ArrayList.forEach(ArrayList.java:1511)
... Removed 28 stack frames]]>
    </failure>
  </testcase> <!-- @BeforeMethod setUp -->
  <testcase classname="com.DsAlgo.testCases.SignInPageTest" name="@AfterMethod tearDown" time="0.0">
    <skipped/>
  </testcase> <!-- @AfterMethod tearDown -->
  <testcase classname="com.DsAlgo.testCases.SignInPageTest" name="@BeforeMethod setUp" time="0.0">
    <skipped/>
  </testcase> <!-- @BeforeMethod setUp -->
  <testcase classname="com.DsAlgo.testCases.SignInPageTest" name="@AfterMethod tearDown" time="0.0">
    <skipped/>
  </testcase> <!-- @AfterMethod tearDown -->
  <testcase classname="com.DsAlgo.testCases.SignInPageTest" name="@BeforeMethod setUp" time="0.0">
    <skipped/>
  </testcase> <!-- @BeforeMethod setUp -->
  <testcase classname="com.DsAlgo.testCases.SignInPageTest" name="@AfterMethod tearDown" time="0.0">
    <skipped/>
  </testcase> <!-- @AfterMethod tearDown -->
  <testcase classname="com.DsAlgo.testCases.HomePageTest" name="@BeforeMethod setUp" time="-1.65195917723E9">
    <failure type="org.testng.TestNGException" message="
Parameter &amp;apos;browserName&amp;apos; is required by BeforeMethod on method setUp but has not been marked @Optional or defined
in C:\Users\divya\eclipse-workspace\DsAlgoProject\testng.xml">
      <![CDATA[org.testng.TestNGException: 
Parameter 'browserName' is required by BeforeMethod on method setUp but has not been marked @Optional or defined
in C:\Users\divya\eclipse-workspace\DsAlgoProject\testng.xml
at java.base/java.util.ArrayList.forEach(ArrayList.java:1511)
... Removed 28 stack frames]]>
    </failure>
  </testcase> <!-- @BeforeMethod setUp -->
  <testcase classname="com.DsAlgo.testCases.HomePageTest" name="@AfterMethod tearDown" time="0.0">
    <skipped/>
  </testcase> <!-- @AfterMethod tearDown -->
  <testcase classname="com.DsAlgo.testCases.HomePageTest" name="@BeforeMethod setUp" time="0.0">
    <skipped/>
  </testcase> <!-- @BeforeMethod setUp -->
  <testcase classname="com.DsAlgo.testCases.HomePageTest" name="@AfterMethod tearDown" time="0.0">
    <skipped/>
  </testcase> <!-- @AfterMethod tearDown -->
  <testcase classname="com.DsAlgo.testCases.HomePageTest" name="@BeforeMethod setUp" time="0.0">
    <skipped/>
  </testcase> <!-- @BeforeMethod setUp -->
  <testcase classname="com.DsAlgo.testCases.HomePageTest" name="@AfterMethod tearDown" time="0.0">
    <skipped/>
  </testcase> <!-- @AfterMethod tearDown -->
  <testcase classname="com.DsAlgo.testCases.HomePageTest" name="@BeforeMethod setUp" time="0.0">
    <skipped/>
  </testcase> <!-- @BeforeMethod setUp -->
  <testcase classname="com.DsAlgo.testCases.HomePageTest" name="@AfterMethod tearDown" time="0.0">
    <skipped/>
  </testcase> <!-- @AfterMethod tearDown -->
  <testcase classname="com.DsAlgo.testCases.HomePageTest" name="@BeforeMethod setUp" time="0.0">
    <skipped/>
  </testcase> <!-- @BeforeMethod setUp -->
  <testcase classname="com.DsAlgo.testCases.HomePageTest" name="@AfterMethod tearDown" time="0.0">
    <skipped/>
  </testcase> <!-- @AfterMethod tearDown -->
  <testcase classname="com.DsAlgo.testCases.HomePageTest" name="@BeforeMethod setUp" time="0.0">
    <skipped/>
  </testcase> <!-- @BeforeMethod setUp -->
  <testcase classname="com.DsAlgo.testCases.HomePageTest" name="@AfterMethod tearDown" time="0.0">
    <skipped/>
  </testcase> <!-- @AfterMethod tearDown -->
  <testcase classname="com.DsAlgo.testCases.LinkedListPageTest" name="@BeforeMethod setUp" time="-1.651959177282E9">
    <failure type="org.testng.TestNGException" message="
Parameter &amp;apos;browserName&amp;apos; is required by BeforeMethod on method setUp but has not been marked @Optional or defined
in C:\Users\divya\eclipse-workspace\DsAlgoProject\testng.xml">
      <![CDATA[org.testng.TestNGException: 
Parameter 'browserName' is required by BeforeMethod on method setUp but has not been marked @Optional or defined
in C:\Users\divya\eclipse-workspace\DsAlgoProject\testng.xml
at java.base/java.util.ArrayList.forEach(ArrayList.java:1511)
... Removed 28 stack frames]]>
    </failure>
  </testcase> <!-- @BeforeMethod setUp -->
  <testcase classname="com.DsAlgo.testCases.LinkedListPageTest" name="@AfterMethod tearDown" time="0.0">
    <skipped/>
  </testcase> <!-- @AfterMethod tearDown -->
  <testcase classname="com.DsAlgo.testCases.LinkedListPageTest" name="@BeforeMethod setUp" time="0.0">
    <skipped/>
  </testcase> <!-- @BeforeMethod setUp -->
  <testcase classname="com.DsAlgo.testCases.LinkedListPageTest" name="@AfterMethod tearDown" time="0.0">
    <skipped/>
  </testcase> <!-- @AfterMethod tearDown -->
  <testcase classname="com.DsAlgo.testCases.LinkedListPageTest" name="@BeforeMethod setUp" time="0.0">
    <skipped/>
  </testcase> <!-- @BeforeMethod setUp -->
  <testcase classname="com.DsAlgo.testCases.LinkedListPageTest" name="@AfterMethod tearDown" time="0.0">
    <skipped/>
  </testcase> <!-- @AfterMethod tearDown -->
  <testcase classname="com.DsAlgo.testCases.LinkedListPageTest" name="@BeforeMethod setUp" time="0.0">
    <skipped/>
  </testcase> <!-- @BeforeMethod setUp -->
  <testcase classname="com.DsAlgo.testCases.LinkedListPageTest" name="@AfterMethod tearDown" time="0.0">
    <skipped/>
  </testcase> <!-- @AfterMethod tearDown -->
  <testcase classname="com.DsAlgo.testCases.LinkedListPageTest" name="@BeforeMethod setUp" time="0.0">
    <skipped/>
  </testcase> <!-- @BeforeMethod setUp -->
  <testcase classname="com.DsAlgo.testCases.LinkedListPageTest" name="@AfterMethod tearDown" time="0.0">
    <skipped/>
  </testcase> <!-- @AfterMethod tearDown -->
  <testcase classname="com.DsAlgo.testCases.LinkedListPageTest" name="@BeforeMethod setUp" time="0.0">
    <skipped/>
  </testcase> <!-- @BeforeMethod setUp -->
  <testcase classname="com.DsAlgo.testCases.LinkedListPageTest" name="@AfterMethod tearDown" time="0.0">
    <skipped/>
  </testcase> <!-- @AfterMethod tearDown -->
  <testcase classname="com.DsAlgo.testCases.LinkedListPageTest" name="@BeforeMethod setUp" time="0.0">
    <skipped/>
  </testcase> <!-- @BeforeMethod setUp -->
  <testcase classname="com.DsAlgo.testCases.LinkedListPageTest" name="@AfterMethod tearDown" time="0.0">
    <skipped/>
  </testcase> <!-- @AfterMethod tearDown -->
  <testcase classname="com.DsAlgo.testCases.LinkedListPageTest" name="@BeforeMethod setUp" time="0.0">
    <skipped/>
  </testcase> <!-- @BeforeMethod setUp -->
  <testcase classname="com.DsAlgo.testCases.LinkedListPageTest" name="@AfterMethod tearDown" time="0.0">
    <skipped/>
  </testcase> <!-- @AfterMethod tearDown -->
  <testcase classname="com.DsAlgo.testCases.LinkedListPageTest" name="@BeforeMethod setUp" time="0.0">
    <skipped/>
  </testcase> <!-- @BeforeMethod setUp -->
  <testcase classname="com.DsAlgo.testCases.LinkedListPageTest" name="@AfterMethod tearDown" time="0.0">
    <skipped/>
  </testcase> <!-- @AfterMethod tearDown -->
  <testcase classname="com.DsAlgo.testCases.LinkedListPageTest" name="@BeforeMethod setUp" time="0.0">
    <skipped/>
  </testcase> <!-- @BeforeMethod setUp -->
  <testcase classname="com.DsAlgo.testCases.LinkedListPageTest" name="@AfterMethod tearDown" time="0.0">
    <skipped/>
  </testcase> <!-- @AfterMethod tearDown -->
  <testcase classname="com.DsAlgo.testCases.LinkedListPageTest" name="@BeforeMethod setUp" time="0.0">
    <skipped/>
  </testcase> <!-- @BeforeMethod setUp -->
  <testcase classname="com.DsAlgo.testCases.LinkedListPageTest" name="@AfterMethod tearDown" time="0.0">
    <skipped/>
  </testcase> <!-- @AfterMethod tearDown -->
  <testcase classname="com.DsAlgo.testCases.LinkedListPageTest" name="@BeforeMethod setUp" time="0.0">
    <skipped/>
  </testcase> <!-- @BeforeMethod setUp -->
  <testcase classname="com.DsAlgo.testCases.LinkedListPageTest" name="@AfterMethod tearDown" time="0.0">
    <skipped/>
  </testcase> <!-- @AfterMethod tearDown -->
  <testcase classname="com.DsAlgo.testCases.LinkedListPageTest" name="@BeforeMethod setUp" time="0.0">
    <skipped/>
  </testcase> <!-- @BeforeMethod setUp -->
  <testcase classname="com.DsAlgo.testCases.LinkedListPageTest" name="@AfterMethod tearDown" time="0.0">
    <skipped/>
  </testcase> <!-- @AfterMethod tearDown -->
  <testcase classname="com.DsAlgo.testCases.LinkedListPageTest" name="@BeforeMethod setUp" time="0.0">
    <skipped/>
  </testcase> <!-- @BeforeMethod setUp -->
  <testcase classname="com.DsAlgo.testCases.LinkedListPageTest" name="@AfterMethod tearDown" time="0.0">
    <skipped/>
  </testcase> <!-- @AfterMethod tearDown -->
  <testcase classname="com.DsAlgo.testCases.LinkedListPageTest" name="@BeforeMethod setUp" time="0.0">
    <skipped/>
  </testcase> <!-- @BeforeMethod setUp -->
  <testcase classname="com.DsAlgo.testCases.LinkedListPageTest" name="@AfterMethod tearDown" time="0.0">
    <skipped/>
  </testcase> <!-- @AfterMethod tearDown -->
  <testcase classname="com.DsAlgo.testCases.LinkedListPageTest" name="@BeforeMethod setUp" time="0.0">
    <skipped/>
  </testcase> <!-- @BeforeMethod setUp -->
  <testcase classname="com.DsAlgo.testCases.LinkedListPageTest" name="@AfterMethod tearDown" time="0.0">
    <skipped/>
  </testcase> <!-- @AfterMethod tearDown -->
  <testcase classname="com.DsAlgo.testCases.LinkedListPageTest" name="@BeforeMethod setUp" time="0.0">
    <skipped/>
  </testcase> <!-- @BeforeMethod setUp -->
  <testcase classname="com.DsAlgo.testCases.LinkedListPageTest" name="@AfterMethod tearDown" time="0.0">
    <skipped/>
  </testcase> <!-- @AfterMethod tearDown -->
  <testcase classname="com.DsAlgo.testCases.QueuePageTest" name="@BeforeMethod setUp" time="-1.651959177418E9">
    <failure type="org.testng.TestNGException" message="
Parameter &amp;apos;browserName&amp;apos; is required by BeforeMethod on method setUp but has not been marked @Optional or defined
in C:\Users\divya\eclipse-workspace\DsAlgoProject\testng.xml">
      <![CDATA[org.testng.TestNGException: 
Parameter 'browserName' is required by BeforeMethod on method setUp but has not been marked @Optional or defined
in C:\Users\divya\eclipse-workspace\DsAlgoProject\testng.xml
at java.base/java.util.ArrayList.forEach(ArrayList.java:1511)
... Removed 28 stack frames]]>
    </failure>
  </testcase> <!-- @BeforeMethod setUp -->
  <testcase classname="com.DsAlgo.testCases.QueuePageTest" name="@AfterMethod tearDown" time="0.0">
    <skipped/>
  </testcase> <!-- @AfterMethod tearDown -->
  <testcase classname="com.DsAlgo.testCases.QueuePageTest" name="@BeforeMethod setUp" time="0.0">
    <skipped/>
  </testcase> <!-- @BeforeMethod setUp -->
  <testcase classname="com.DsAlgo.testCases.QueuePageTest" name="@AfterMethod tearDown" time="0.0">
    <skipped/>
  </testcase> <!-- @AfterMethod tearDown -->
  <testcase classname="com.DsAlgo.testCases.QueuePageTest" name="@BeforeMethod setUp" time="0.0">
    <skipped/>
  </testcase> <!-- @BeforeMethod setUp -->
  <testcase classname="com.DsAlgo.testCases.QueuePageTest" name="@AfterMethod tearDown" time="0.0">
    <skipped/>
  </testcase> <!-- @AfterMethod tearDown -->
  <testcase classname="com.DsAlgo.testCases.QueuePageTest" name="@BeforeMethod setUp" time="0.0">
    <skipped/>
  </testcase> <!-- @BeforeMethod setUp -->
  <testcase classname="com.DsAlgo.testCases.QueuePageTest" name="@AfterMethod tearDown" time="0.0">
    <skipped/>
  </testcase> <!-- @AfterMethod tearDown -->
  <testcase classname="com.DsAlgo.testCases.QueuePageTest" name="@BeforeMethod setUp" time="0.0">
    <skipped/>
  </testcase> <!-- @BeforeMethod setUp -->
  <testcase classname="com.DsAlgo.testCases.QueuePageTest" name="@AfterMethod tearDown" time="0.0">
    <skipped/>
  </testcase> <!-- @AfterMethod tearDown -->
  <testcase classname="com.DsAlgo.testCases.QueuePageTest" name="@BeforeMethod setUp" time="0.0">
    <skipped/>
  </testcase> <!-- @BeforeMethod setUp -->
  <testcase classname="com.DsAlgo.testCases.QueuePageTest" name="@AfterMethod tearDown" time="0.0">
    <skipped/>
  </testcase> <!-- @AfterMethod tearDown -->
  <testcase classname="com.DsAlgo.testCases.QueuePageTest" name="@BeforeMethod setUp" time="0.0">
    <skipped/>
  </testcase> <!-- @BeforeMethod setUp -->
  <testcase classname="com.DsAlgo.testCases.QueuePageTest" name="@AfterMethod tearDown" time="0.0">
    <skipped/>
  </testcase> <!-- @AfterMethod tearDown -->
  <testcase classname="com.DsAlgo.testCases.QueuePageTest" name="@BeforeMethod setUp" time="0.0">
    <skipped/>
  </testcase> <!-- @BeforeMethod setUp -->
  <testcase classname="com.DsAlgo.testCases.QueuePageTest" name="@AfterMethod tearDown" time="0.0">
    <skipped/>
  </testcase> <!-- @AfterMethod tearDown -->
  <testcase classname="com.DsAlgo.testCases.QueuePageTest" name="@BeforeMethod setUp" time="0.0">
    <skipped/>
  </testcase> <!-- @BeforeMethod setUp -->
  <testcase classname="com.DsAlgo.testCases.QueuePageTest" name="@AfterMethod tearDown" time="0.0">
    <skipped/>
  </testcase> <!-- @AfterMethod tearDown -->
  <testcase classname="com.DsAlgo.testCases.QueuePageTest" name="@BeforeMethod setUp" time="0.0">
    <skipped/>
  </testcase> <!-- @BeforeMethod setUp -->
  <testcase classname="com.DsAlgo.testCases.QueuePageTest" name="@AfterMethod tearDown" time="0.0">
    <skipped/>
  </testcase> <!-- @AfterMethod tearDown -->
  <testcase classname="com.DsAlgo.testCases.StackPageTest" name="@BeforeMethod setUp" time="-1.651959177508E9">
    <failure type="org.testng.TestNGException" message="
Parameter &amp;apos;browserName&amp;apos; is required by BeforeMethod on method setUp but has not been marked @Optional or defined
in C:\Users\divya\eclipse-workspace\DsAlgoProject\testng.xml">
      <![CDATA[org.testng.TestNGException: 
Parameter 'browserName' is required by BeforeMethod on method setUp but has not been marked @Optional or defined
in C:\Users\divya\eclipse-workspace\DsAlgoProject\testng.xml
at java.base/java.util.ArrayList.forEach(ArrayList.java:1511)
... Removed 28 stack frames]]>
    </failure>
  </testcase> <!-- @BeforeMethod setUp -->
  <testcase classname="com.DsAlgo.testCases.StackPageTest" name="@AfterMethod tearDown" time="0.0">
    <skipped/>
  </testcase> <!-- @AfterMethod tearDown -->
  <testcase classname="com.DsAlgo.testCases.StackPageTest" name="@BeforeMethod setUp" time="0.0">
    <skipped/>
  </testcase> <!-- @BeforeMethod setUp -->
  <testcase classname="com.DsAlgo.testCases.StackPageTest" name="@AfterMethod tearDown" time="0.0">
    <skipped/>
  </testcase> <!-- @AfterMethod tearDown -->
  <testcase classname="com.DsAlgo.testCases.StackPageTest" name="@BeforeMethod setUp" time="0.0">
    <skipped/>
  </testcase> <!-- @BeforeMethod setUp -->
  <testcase classname="com.DsAlgo.testCases.StackPageTest" name="@AfterMethod tearDown" time="0.0">
    <skipped/>
  </testcase> <!-- @AfterMethod tearDown -->
  <testcase classname="com.DsAlgo.testCases.StackPageTest" name="@BeforeMethod setUp" time="0.0">
    <skipped/>
  </testcase> <!-- @BeforeMethod setUp -->
  <testcase classname="com.DsAlgo.testCases.StackPageTest" name="@AfterMethod tearDown" time="0.0">
    <skipped/>
  </testcase> <!-- @AfterMethod tearDown -->
  <testcase classname="com.DsAlgo.testCases.StackPageTest" name="@BeforeMethod setUp" time="0.0">
    <skipped/>
  </testcase> <!-- @BeforeMethod setUp -->
  <testcase classname="com.DsAlgo.testCases.StackPageTest" name="@AfterMethod tearDown" time="0.0">
    <skipped/>
  </testcase> <!-- @AfterMethod tearDown -->
  <testcase classname="com.DsAlgo.testCases.StackPageTest" name="@BeforeMethod setUp" time="0.0">
    <skipped/>
  </testcase> <!-- @BeforeMethod setUp -->
  <testcase classname="com.DsAlgo.testCases.StackPageTest" name="@AfterMethod tearDown" time="0.0">
    <skipped/>
  </testcase> <!-- @AfterMethod tearDown -->
  <testcase classname="com.DsAlgo.testCases.StackPageTest" name="@BeforeMethod setUp" time="0.0">
    <skipped/>
  </testcase> <!-- @BeforeMethod setUp -->
  <testcase classname="com.DsAlgo.testCases.StackPageTest" name="@AfterMethod tearDown" time="0.0">
    <skipped/>
  </testcase> <!-- @AfterMethod tearDown -->
  <testcase classname="com.DsAlgo.testCases.StackPageTest" name="@BeforeMethod setUp" time="0.0">
    <skipped/>
  </testcase> <!-- @BeforeMethod setUp -->
  <testcase classname="com.DsAlgo.testCases.StackPageTest" name="@AfterMethod tearDown" time="0.0">
    <skipped/>
  </testcase> <!-- @AfterMethod tearDown -->
  <testcase classname="com.DsAlgo.testCases.GetStartedPageTest" name="@BeforeMethod setUp" time="-1.651959177577E9">
    <failure type="org.testng.TestNGException" message="
Parameter &amp;apos;browserName&amp;apos; is required by BeforeMethod on method setUp but has not been marked @Optional or defined
in C:\Users\divya\eclipse-workspace\DsAlgoProject\testng.xml">
      <![CDATA[org.testng.TestNGException: 
Parameter 'browserName' is required by BeforeMethod on method setUp but has not been marked @Optional or defined
in C:\Users\divya\eclipse-workspace\DsAlgoProject\testng.xml
at java.base/java.util.ArrayList.forEach(ArrayList.java:1511)
... Removed 28 stack frames]]>
    </failure>
  </testcase> <!-- @BeforeMethod setUp -->
  <testcase classname="com.DsAlgo.testCases.dataStructuresPageTest" name="@BeforeMethod setUp" time="-1.651959177611E9">
    <failure type="org.testng.TestNGException" message="
Parameter &amp;apos;browserName&amp;apos; is required by BeforeMethod on method setUp but has not been marked @Optional or defined
in C:\Users\divya\eclipse-workspace\DsAlgoProject\testng.xml">
      <![CDATA[org.testng.TestNGException: 
Parameter 'browserName' is required by BeforeMethod on method setUp but has not been marked @Optional or defined
in C:\Users\divya\eclipse-workspace\DsAlgoProject\testng.xml
at java.base/java.util.ArrayList.forEach(ArrayList.java:1511)
... Removed 28 stack frames]]>
    </failure>
  </testcase> <!-- @BeforeMethod setUp -->
  <testcase classname="com.DsAlgo.testCases.dataStructuresPageTest" name="@AfterMethod tearDown" time="0.0">
    <skipped/>
  </testcase> <!-- @AfterMethod tearDown -->
  <testcase classname="com.DsAlgo.testCases.dataStructuresPageTest" name="@BeforeMethod setUp" time="0.0">
    <skipped/>
  </testcase> <!-- @BeforeMethod setUp -->
  <testcase classname="com.DsAlgo.testCases.dataStructuresPageTest" name="@AfterMethod tearDown" time="0.0">
    <skipped/>
  </testcase> <!-- @AfterMethod tearDown -->
  <testcase classname="com.DsAlgo.testCases.dataStructuresPageTest" name="@BeforeMethod setUp" time="0.0">
    <skipped/>
  </testcase> <!-- @BeforeMethod setUp -->
  <testcase classname="com.DsAlgo.testCases.dataStructuresPageTest" name="@AfterMethod tearDown" time="0.0">
    <skipped/>
  </testcase> <!-- @AfterMethod tearDown -->
  <testcase classname="com.DsAlgo.testCases.dataStructuresPageTest" name="@BeforeMethod setUp" time="0.0">
    <skipped/>
  </testcase> <!-- @BeforeMethod setUp -->
  <testcase classname="com.DsAlgo.testCases.dataStructuresPageTest" name="@AfterMethod tearDown" time="0.0">
    <skipped/>
  </testcase> <!-- @AfterMethod tearDown -->
  <testcase classname="com.DsAlgo.testCases.TreePageTest" name="treePageLoadTest" time="0.0">
    <skipped/>
  </testcase> <!-- treePageLoadTest -->
  <testcase classname="com.DsAlgo.testCases.TreePageTest" name="overviewPageLoadTest" time="0.0">
    <skipped/>
  </testcase> <!-- overviewPageLoadTest -->
  <testcase classname="com.DsAlgo.testCases.TreePageTest" name="terminologiesPageLoadTest" time="0.0">
    <skipped/>
  </testcase> <!-- terminologiesPageLoadTest -->
  <testcase classname="com.DsAlgo.testCases.TreePageTest" name="typesTreesPageLoadTest" time="0.0">
    <skipped/>
  </testcase> <!-- typesTreesPageLoadTest -->
  <testcase classname="com.DsAlgo.testCases.TreePageTest" name="treeTraversePageLoadTest" time="0.0">
    <skipped/>
  </testcase> <!-- treeTraversePageLoadTest -->
  <testcase classname="com.DsAlgo.testCases.TreePageTest" name="traverseIllustrationsPageLoadTest" time="0.0">
    <skipped/>
  </testcase> <!-- traverseIllustrationsPageLoadTest -->
  <testcase classname="com.DsAlgo.testCases.TreePageTest" name="binaryTreesPageLoadTest" time="0.0">
    <skipped/>
  </testcase> <!-- binaryTreesPageLoadTest -->
  <testcase classname="com.DsAlgo.testCases.TreePageTest" name="treesTypesPageLoadTest" time="0.0">
    <skipped/>
  </testcase> <!-- treesTypesPageLoadTest -->
  <testcase classname="com.DsAlgo.testCases.TreePageTest" name="treesImplmntnPageLoadTest" time="0.0">
    <skipped/>
  </testcase> <!-- treesImplmntnPageLoadTest -->
  <testcase classname="com.DsAlgo.testCases.TreePageTest" name="binaryTraversalsPageLoadTest" time="0.0">
    <skipped/>
  </testcase> <!-- binaryTraversalsPageLoadTest -->
  <testcase classname="com.DsAlgo.testCases.TreePageTest" name="binaryImplmntnPageLoadTest" time="0.0">
    <skipped/>
  </testcase> <!-- binaryImplmntnPageLoadTest -->
  <testcase classname="com.DsAlgo.testCases.TreePageTest" name="binaryAppsPageLoadTest" time="0.0">
    <skipped/>
  </testcase> <!-- binaryAppsPageLoadTest -->
  <testcase classname="com.DsAlgo.testCases.TreePageTest" name="binarySrchPageLoadTest" time="0.0">
    <skipped/>
  </testcase> <!-- binarySrchPageLoadTest -->
  <testcase classname="com.DsAlgo.testCases.TreePageTest" name="bstImplmntnPageLoadTest" time="0.0">
    <skipped/>
  </testcase> <!-- bstImplmntnPageLoadTest -->
  <testcase classname="com.DsAlgo.testCases.TreePageTest" name="bst_clickTryTest" time="0.001">
    <skipped/>
  </testcase> <!-- bst_clickTryTest -->
  <testcase classname="com.DsAlgo.testCases.TreePageTest" name="PractisePageLoadTest" time="0.0">
    <skipped/>
  </testcase> <!-- PractisePageLoadTest -->
  <testcase classname="com.DsAlgo.testCases.RegisterPageTest" name="registerPageLoadTest" time="0.0">
    <skipped/>
  </testcase> <!-- registerPageLoadTest -->
  <testcase classname="com.DsAlgo.testCases.RegisterPageTest" name="registerTest" time="0.0">
    <skipped/>
  </testcase> <!-- registerTest -->
  <testcase classname="com.DsAlgo.testCases.RegisterPageTest" name="emptyFieldsTest" time="0.0">
    <skipped/>
  </testcase> <!-- emptyFieldsTest -->
  <testcase classname="com.DsAlgo.testCases.ArraysPageTest" name="arraysPageLoadTest" time="0.0">
    <skipped/>
  </testcase> <!-- arraysPageLoadTest -->
  <testcase classname="com.DsAlgo.testCases.ArraysPageTest" name="arraysInPythonPageLoadTest" time="0.0">
    <skipped/>
  </testcase> <!-- arraysInPythonPageLoadTest -->
  <testcase classname="com.DsAlgo.testCases.ArraysPageTest" name="arraysListPageLoadTest" time="0.0">
    <skipped/>
  </testcase> <!-- arraysListPageLoadTest -->
  <testcase classname="com.DsAlgo.testCases.ArraysPageTest" name="arraysBasicOpsPageLoadTest" time="0.0">
    <skipped/>
  </testcase> <!-- arraysBasicOpsPageLoadTest -->
  <testcase classname="com.DsAlgo.testCases.ArraysPageTest" name="arraysAppsPageLoadTest" time="0.0">
    <skipped/>
  </testcase> <!-- arraysAppsPageLoadTest -->
  <testcase classname="com.DsAlgo.testCases.ArraysPageTest" name="practiceQnsPageLoadTest" time="0.0">
    <skipped/>
  </testcase> <!-- practiceQnsPageLoadTest -->
  <testcase classname="com.DsAlgo.testCases.ArraysPageTest" name="tryHerePageLoadTest" time="0.0">
    <skipped/>
  </testcase> <!-- tryHerePageLoadTest -->
  <testcase classname="com.DsAlgo.testCases.ArraysPageTest" name="arraysInPyPgtryTest" time="0.0">
    <skipped/>
  </testcase> <!-- arraysInPyPgtryTest -->
  <testcase classname="com.DsAlgo.testCases.ArraysPageTest" name="arraysListtryTest" time="0.0">
    <skipped/>
  </testcase> <!-- arraysListtryTest -->
  <testcase classname="com.DsAlgo.testCases.ArraysPageTest" name="arraysBasicOpstryTest" time="0.0">
    <skipped/>
  </testcase> <!-- arraysBasicOpstryTest -->
  <testcase classname="com.DsAlgo.testCases.ArraysPageTest" name="arraysAppstryTest" time="0.0">
    <skipped/>
  </testcase> <!-- arraysAppstryTest -->
  <testcase classname="com.DsAlgo.testCases.ArraysPageTest" name="validatesrchArrayTest" time="0.0">
    <skipped/>
  </testcase> <!-- validatesrchArrayTest -->
  <testcase classname="com.DsAlgo.testCases.ArraysPageTest" name="validatesrtdArrayTest" time="0.0">
    <skipped/>
  </testcase> <!-- validatesrtdArrayTest -->
  <testcase classname="com.DsAlgo.testCases.ArraysPageTest" name="validateMaxConsecutivePageTest" time="0.0">
    <skipped/>
  </testcase> <!-- validateMaxConsecutivePageTest -->
  <testcase classname="com.DsAlgo.testCases.ArraysPageTest" name="validateEvenPageTest" time="0.0">
    <skipped/>
  </testcase> <!-- validateEvenPageTest -->
  <testcase classname="com.DsAlgo.testCases.SignInPageTest" name="signInPageLoadTest" time="0.0">
    <skipped/>
  </testcase> <!-- signInPageLoadTest -->
  <testcase classname="com.DsAlgo.testCases.SignInPageTest" name="signInTest" time="0.0">
    <skipped/>
  </testcase> <!-- signInTest -->
  <testcase classname="com.DsAlgo.testCases.SignInPageTest" name="signoutTest" time="0.0">
    <skipped/>
  </testcase> <!-- signoutTest -->
  <testcase classname="com.DsAlgo.testCases.HomePageTest" name="homePageLoadTest" time="0.0">
    <skipped/>
  </testcase> <!-- homePageLoadTest -->
  <testcase classname="com.DsAlgo.testCases.HomePageTest" name="dropDownTest" time="0.0">
    <skipped/>
  </testcase> <!-- dropDownTest -->
  <testcase classname="com.DsAlgo.testCases.HomePageTest" name="paneCountTest" time="0.0">
    <skipped/>
  </testcase> <!-- paneCountTest -->
  <testcase classname="com.DsAlgo.testCases.HomePageTest" name="clickGetStartedTest" time="0.0">
    <skipped/>
  </testcase> <!-- clickGetStartedTest -->
  <testcase classname="com.DsAlgo.testCases.HomePageTest" name="selectDropDownTest" time="0.0">
    <skipped/>
  </testcase> <!-- selectDropDownTest -->
  <testcase classname="com.DsAlgo.testCases.HomePageTest" name="clickGetStartedDsTest" time="0.0">
    <skipped/>
  </testcase> <!-- clickGetStartedDsTest -->
  <testcase classname="com.DsAlgo.testCases.LinkedListPageTest" name="LinkedListPageLoadTest" time="0.0">
    <skipped/>
  </testcase> <!-- LinkedListPageLoadTest -->
  <testcase classname="com.DsAlgo.testCases.LinkedListPageTest" name="LlIntroPageLoadTest" time="0.0">
    <skipped/>
  </testcase> <!-- LlIntroPageLoadTest -->
  <testcase classname="com.DsAlgo.testCases.LinkedListPageTest" name="LlCreatePageLoadTest" time="0.0">
    <skipped/>
  </testcase> <!-- LlCreatePageLoadTest -->
  <testcase classname="com.DsAlgo.testCases.LinkedListPageTest" name="LlTypePageLoadTest" time="0.0">
    <skipped/>
  </testcase> <!-- LlTypePageLoadTest -->
  <testcase classname="com.DsAlgo.testCases.LinkedListPageTest" name="LlImplementPageLoadTest" time="0.0">
    <skipped/>
  </testcase> <!-- LlImplementPageLoadTest -->
  <testcase classname="com.DsAlgo.testCases.LinkedListPageTest" name="LlTraversePageLoadTest" time="0.0">
    <skipped/>
  </testcase> <!-- LlTraversePageLoadTest -->
  <testcase classname="com.DsAlgo.testCases.LinkedListPageTest" name="LlInsertPageLoadTest" time="0.0">
    <skipped/>
  </testcase> <!-- LlInsertPageLoadTest -->
  <testcase classname="com.DsAlgo.testCases.LinkedListPageTest" name="LlDeletePageLoadTest" time="0.0">
    <skipped/>
  </testcase> <!-- LlDeletePageLoadTest -->
  <testcase classname="com.DsAlgo.testCases.LinkedListPageTest" name="LlPracticePageLoadTest" time="0.0">
    <skipped/>
  </testcase> <!-- LlPracticePageLoadTest -->
  <testcase classname="com.DsAlgo.testCases.LinkedListPageTest" name="LlTryHerePageLoadTest" time="0.0">
    <skipped/>
  </testcase> <!-- LlTryHerePageLoadTest -->
  <testcase classname="com.DsAlgo.testCases.LinkedListPageTest" name="LlIntoTryHereTest" time="0.0">
    <skipped/>
  </testcase> <!-- LlIntoTryHereTest -->
  <testcase classname="com.DsAlgo.testCases.LinkedListPageTest" name="LlCreateTryHereTest" time="0.0">
    <skipped/>
  </testcase> <!-- LlCreateTryHereTest -->
  <testcase classname="com.DsAlgo.testCases.LinkedListPageTest" name="LlTypesTryHereTest" time="0.0">
    <skipped/>
  </testcase> <!-- LlTypesTryHereTest -->
  <testcase classname="com.DsAlgo.testCases.LinkedListPageTest" name="LlImplmntTryHereTest" time="0.0">
    <skipped/>
  </testcase> <!-- LlImplmntTryHereTest -->
  <testcase classname="com.DsAlgo.testCases.LinkedListPageTest" name="LlTraverseTryHereTest" time="0.0">
    <skipped/>
  </testcase> <!-- LlTraverseTryHereTest -->
  <testcase classname="com.DsAlgo.testCases.LinkedListPageTest" name="LlInsertTryHereTest" time="0.0">
    <skipped/>
  </testcase> <!-- LlInsertTryHereTest -->
  <testcase classname="com.DsAlgo.testCases.LinkedListPageTest" name="LlDeleteTryHereTest" time="0.0">
    <skipped/>
  </testcase> <!-- LlDeleteTryHereTest -->
  <testcase classname="com.DsAlgo.testCases.QueuePageTest" name="queuePageLoadTest" time="0.001">
    <skipped/>
  </testcase> <!-- queuePageLoadTest -->
  <testcase classname="com.DsAlgo.testCases.QueuePageTest" name="queueImplmntPageLoadTest" time="0.0">
    <skipped/>
  </testcase> <!-- queueImplmntPageLoadTest -->
  <testcase classname="com.DsAlgo.testCases.QueuePageTest" name="Queue_arraysImplmntPageLoadTest" time="0.0">
    <skipped/>
  </testcase> <!-- Queue_arraysImplmntPageLoadTest -->
  <testcase classname="com.DsAlgo.testCases.QueuePageTest" name="Queue_dequeueImplmntPageLoadTest" time="0.0">
    <skipped/>
  </testcase> <!-- Queue_dequeueImplmntPageLoadTest -->
  <testcase classname="com.DsAlgo.testCases.QueuePageTest" name="Queue_queueOpsPageLoadTest" time="0.0">
    <skipped/>
  </testcase> <!-- Queue_queueOpsPageLoadTest -->
  <testcase classname="com.DsAlgo.testCases.QueuePageTest" name="QueueImplmnt_clickTryTest" time="0.0">
    <skipped/>
  </testcase> <!-- QueueImplmnt_clickTryTest -->
  <testcase classname="com.DsAlgo.testCases.QueuePageTest" name="dequeueImplmntPg_clickTryTest" time="0.0">
    <skipped/>
  </testcase> <!-- dequeueImplmntPg_clickTryTest -->
  <testcase classname="com.DsAlgo.testCases.QueuePageTest" name="arraysImplmntPg_clickTryTest" time="0.0">
    <skipped/>
  </testcase> <!-- arraysImplmntPg_clickTryTest -->
  <testcase classname="com.DsAlgo.testCases.QueuePageTest" name="queueOpsPg_clickTryTest" time="0.0">
    <skipped/>
  </testcase> <!-- queueOpsPg_clickTryTest -->
  <testcase classname="com.DsAlgo.testCases.QueuePageTest" name="apps_clickPractise" time="0.0">
    <skipped/>
  </testcase> <!-- apps_clickPractise -->
  <testcase classname="com.DsAlgo.testCases.StackPageTest" name="stackPageLoadTest" time="0.0">
    <skipped/>
  </testcase> <!-- stackPageLoadTest -->
  <testcase classname="com.DsAlgo.testCases.StackPageTest" name="Stack_opsInStackPageLoadTest" time="0.0">
    <skipped/>
  </testcase> <!-- Stack_opsInStackPageLoadTest -->
  <testcase classname="com.DsAlgo.testCases.StackPageTest" name="Stack_ImplmntPageLoadTest" time="0.0">
    <skipped/>
  </testcase> <!-- Stack_ImplmntPageLoadTest -->
  <testcase classname="com.DsAlgo.testCases.StackPageTest" name="Stack_appsPageLoadTest" time="0.0">
    <skipped/>
  </testcase> <!-- Stack_appsPageLoadTest -->
  <testcase classname="com.DsAlgo.testCases.StackPageTest" name="OpsInStack_clickTryTest" time="0.0">
    <skipped/>
  </testcase> <!-- OpsInStack_clickTryTest -->
  <testcase classname="com.DsAlgo.testCases.StackPageTest" name="Implmnt_clickTryTest" time="0.0">
    <skipped/>
  </testcase> <!-- Implmnt_clickTryTest -->
  <testcase classname="com.DsAlgo.testCases.StackPageTest" name="apps_clickTryTest" time="0.0">
    <skipped/>
  </testcase> <!-- apps_clickTryTest -->
  <testcase classname="com.DsAlgo.testCases.StackPageTest" name="apps_clickPractise" time="0.0">
    <skipped/>
  </testcase> <!-- apps_clickPractise -->
  <testcase classname="com.DsAlgo.testCases.GetStartedPageTest" name="portalPageLoadTest" time="0.0">
    <skipped/>
  </testcase> <!-- portalPageLoadTest -->
  <testcase classname="com.DsAlgo.testCases.dataStructuresPageTest" name="dtcPageLoadTest" time="0.0">
    <skipped/>
  </testcase> <!-- dtcPageLoadTest -->
  <testcase classname="com.DsAlgo.testCases.dataStructuresPageTest" name="dtcPracticeQnPageLoadTest" time="0.0">
    <skipped/>
  </testcase> <!-- dtcPracticeQnPageLoadTest -->
  <testcase classname="com.DsAlgo.testCases.dataStructuresPageTest" name="dtcTryHerePageLoadTest" time="0.0">
    <skipped/>
  </testcase> <!-- dtcTryHerePageLoadTest -->
  <testcase classname="com.DsAlgo.testCases.dataStructuresPageTest" name="dtcTryHereTest" time="0.0">
    <skipped/>
  </testcase> <!-- dtcTryHereTest -->
</testsuite> <!-- Test -->
