<?xml version="1.0" encoding="UTF-8"?>
<!-- Generated by org.testng.reporters.JUnitReportReporter -->
<testsuite hostname="DESKTOP-5QO856R" failures="0" tests="18" name="com.DsAlgo.testCases.LinkedListPageTest" time="-1651959168.000" errors="1" timestamp="2022-05-07T17:32:58 EDT" skipped="17">
  <testcase classname="com.DsAlgo.testCases.LinkedListPageTest" name="setUp" time="-1651959168.000">
    <error message="
Parameter &#039;browserName&#039; is required by BeforeMethod on method setUp but has not been marked @Optional or defined
in C:\Users\divya\eclipse-workspace\DsAlgoProject\testng.xml" type="org.testng.TestNGException">
      <![CDATA[org.testng.TestNGException: 
Parameter 'browserName' is required by BeforeMethod on method setUp but has not been marked @Optional or defined
in C:\Users\divya\eclipse-workspace\DsAlgoProject\testng.xml
at org.testng.internal.Parameters.createParams(Parameters.java:267)
at org.testng.internal.Parameters.createParametersForMethod(Parameters.java:355)
at org.testng.internal.Parameters.createParameters(Parameters.java:660)
at org.testng.internal.Parameters.createConfigurationParameters(Parameters.java:166)
at org.testng.internal.invokers.ConfigInvoker.invokeConfigurations(ConfigInvoker.java:300)
at org.testng.internal.invokers.TestInvoker.runConfigMethods(TestInvoker.java:803)
at org.testng.internal.invokers.TestInvoker.invokeMethod(TestInvoker.java:589)
at org.testng.internal.invokers.TestInvoker.invokeTestMethod(TestInvoker.java:220)
at org.testng.internal.invokers.MethodRunner.runInSequence(MethodRunner.java:50)
at org.testng.internal.invokers.TestInvoker$MethodInvocationAgent.invoke(TestInvoker.java:945)
at org.testng.internal.invokers.TestInvoker.invokeTestMethods(TestInvoker.java:193)
at org.testng.internal.invokers.TestMethodWorker.invokeTestMethods(TestMethodWorker.java:146)
at org.testng.internal.invokers.TestMethodWorker.run(TestMethodWorker.java:128)
at java.base/java.util.ArrayList.forEach(ArrayList.java:1511)
at org.testng.TestRunner.privateRun(TestRunner.java:808)
at org.testng.TestRunner.run(TestRunner.java:603)
at org.testng.SuiteRunner.runTest(SuiteRunner.java:429)
at org.testng.SuiteRunner.runSequentially(SuiteRunner.java:423)
at org.testng.SuiteRunner.privateRun(SuiteRunner.java:383)
at org.testng.SuiteRunner.run(SuiteRunner.java:326)
at org.testng.SuiteRunnerWorker.runSuite(SuiteRunnerWorker.java:52)
at org.testng.SuiteRunnerWorker.run(SuiteRunnerWorker.java:95)
at org.testng.TestNG.runSuitesSequentially(TestNG.java:1249)
at org.testng.TestNG.runSuitesLocally(TestNG.java:1169)
at org.testng.TestNG.runSuites(TestNG.java:1092)
at org.testng.TestNG.run(TestNG.java:1060)
at org.testng.remote.AbstractRemoteTestNG.run(AbstractRemoteTestNG.java:115)
at org.testng.remote.RemoteTestNG.initAndRun(RemoteTestNG.java:251)
at org.testng.remote.RemoteTestNG.main(RemoteTestNG.java:77)
]]>
    </error>
  </testcase> <!-- setUp -->
  <system-out/>
  <testcase classname="com.DsAlgo.testCases.LinkedListPageTest" name="LinkedListPageLoadTest" time="0.000">
    <skipped/>
  </testcase> <!-- LinkedListPageLoadTest -->
  <system-out/>
  <testcase classname="com.DsAlgo.testCases.LinkedListPageTest" name="LlIntroPageLoadTest" time="0.000">
    <skipped/>
  </testcase> <!-- LlIntroPageLoadTest -->
  <system-out/>
  <testcase classname="com.DsAlgo.testCases.LinkedListPageTest" name="LlCreatePageLoadTest" time="0.000">
    <skipped/>
  </testcase> <!-- LlCreatePageLoadTest -->
  <system-out/>
  <testcase classname="com.DsAlgo.testCases.LinkedListPageTest" name="LlTypePageLoadTest" time="0.000">
    <skipped/>
  </testcase> <!-- LlTypePageLoadTest -->
  <system-out/>
  <testcase classname="com.DsAlgo.testCases.LinkedListPageTest" name="LlImplementPageLoadTest" time="0.000">
    <skipped/>
  </testcase> <!-- LlImplementPageLoadTest -->
  <system-out/>
  <testcase classname="com.DsAlgo.testCases.LinkedListPageTest" name="LlTraversePageLoadTest" time="0.000">
    <skipped/>
  </testcase> <!-- LlTraversePageLoadTest -->
  <system-out/>
  <testcase classname="com.DsAlgo.testCases.LinkedListPageTest" name="LlInsertPageLoadTest" time="0.000">
    <skipped/>
  </testcase> <!-- LlInsertPageLoadTest -->
  <system-out/>
  <testcase classname="com.DsAlgo.testCases.LinkedListPageTest" name="LlDeletePageLoadTest" time="0.000">
    <skipped/>
  </testcase> <!-- LlDeletePageLoadTest -->
  <system-out/>
  <testcase classname="com.DsAlgo.testCases.LinkedListPageTest" name="LlPracticePageLoadTest" time="0.000">
    <skipped/>
  </testcase> <!-- LlPracticePageLoadTest -->
  <system-out/>
  <testcase classname="com.DsAlgo.testCases.LinkedListPageTest" name="LlTryHerePageLoadTest" time="0.000">
    <skipped/>
  </testcase> <!-- LlTryHerePageLoadTest -->
  <system-out/>
  <testcase classname="com.DsAlgo.testCases.LinkedListPageTest" name="LlIntoTryHereTest" time="0.000">
    <skipped/>
  </testcase> <!-- LlIntoTryHereTest -->
  <system-out/>
  <testcase classname="com.DsAlgo.testCases.LinkedListPageTest" name="LlCreateTryHereTest" time="0.000">
    <skipped/>
  </testcase> <!-- LlCreateTryHereTest -->
  <system-out/>
  <testcase classname="com.DsAlgo.testCases.LinkedListPageTest" name="LlTypesTryHereTest" time="0.000">
    <skipped/>
  </testcase> <!-- LlTypesTryHereTest -->
  <system-out/>
  <testcase classname="com.DsAlgo.testCases.LinkedListPageTest" name="LlImplmntTryHereTest" time="0.000">
    <skipped/>
  </testcase> <!-- LlImplmntTryHereTest -->
  <system-out/>
  <testcase classname="com.DsAlgo.testCases.LinkedListPageTest" name="LlTraverseTryHereTest" time="0.000">
    <skipped/>
  </testcase> <!-- LlTraverseTryHereTest -->
  <system-out/>
  <testcase classname="com.DsAlgo.testCases.LinkedListPageTest" name="LlInsertTryHereTest" time="0.000">
    <skipped/>
  </testcase> <!-- LlInsertTryHereTest -->
  <system-out/>
  <testcase classname="com.DsAlgo.testCases.LinkedListPageTest" name="LlDeleteTryHereTest" time="0.000">
    <skipped/>
  </testcase> <!-- LlDeleteTryHereTest -->
  <system-out/>
</testsuite> <!-- com.DsAlgo.testCases.LinkedListPageTest -->
