<?xml version="1.0" encoding="UTF-8"?>
<!-- Generated by org.testng.reporters.JUnitReportReporter -->
<testsuite hostname="DESKTOP-5QO856R" failures="0" tests="11" name="com.DsAlgo.testCases.QueuePageTest" time="-1651959168.000" errors="1" timestamp="2022-05-07T17:32:58 EDT" skipped="10">
  <testcase classname="com.DsAlgo.testCases.QueuePageTest" name="queuePageLoadTest" time="0.001">
    <skipped/>
  </testcase> <!-- queuePageLoadTest -->
  <system-out/>
  <testcase classname="com.DsAlgo.testCases.QueuePageTest" name="setUp" time="-1651959168.000">
    <error message="
Parameter &#039;browserName&#039; is required by BeforeMethod on method setUp but has not been marked @Optional or defined
in C:\Users\divya\eclipse-workspace\DsAlgoProject\testng.xml" type="org.testng.TestNGException">
      <![CDATA[org.testng.TestNGException: 
Parameter 'browserName' is required by BeforeMethod on method setUp but has not been marked @Optional or defined
in C:\Users\divya\eclipse-workspace\DsAlgoProject\testng.xml
at org.testng.internal.Parameters.createParams(Parameters.java:267)
at org.testng.internal.Parameters.createParametersForMethod(Parameters.java:355)
at org.testng.internal.Parameters.createParameters(Parameters.java:660)
at org.testng.internal.Parameters.createConfigurationParameters(Parameters.java:166)
at org.testng.internal.invokers.ConfigInvoker.invokeConfigurations(ConfigInvoker.java:300)
at org.testng.internal.invokers.TestInvoker.runConfigMethods(TestInvoker.java:803)
at org.testng.internal.invokers.TestInvoker.invokeMethod(TestInvoker.java:589)
at org.testng.internal.invokers.TestInvoker.invokeTestMethod(TestInvoker.java:220)
at org.testng.internal.invokers.MethodRunner.runInSequence(MethodRunner.java:50)
at org.testng.internal.invokers.TestInvoker$MethodInvocationAgent.invoke(TestInvoker.java:945)
at org.testng.internal.invokers.TestInvoker.invokeTestMethods(TestInvoker.java:193)
at org.testng.internal.invokers.TestMethodWorker.invokeTestMethods(TestMethodWorker.java:146)
at org.testng.internal.invokers.TestMethodWorker.run(TestMethodWorker.java:128)
at java.base/java.util.ArrayList.forEach(ArrayList.java:1511)
at org.testng.TestRunner.privateRun(TestRunner.java:808)
at org.testng.TestRunner.run(TestRunner.java:603)
at org.testng.SuiteRunner.runTest(SuiteRunner.java:429)
at org.testng.SuiteRunner.runSequentially(SuiteRunner.java:423)
at org.testng.SuiteRunner.privateRun(SuiteRunner.java:383)
at org.testng.SuiteRunner.run(SuiteRunner.java:326)
at org.testng.SuiteRunnerWorker.runSuite(SuiteRunnerWorker.java:52)
at org.testng.SuiteRunnerWorker.run(SuiteRunnerWorker.java:95)
at org.testng.TestNG.runSuitesSequentially(TestNG.java:1249)
at org.testng.TestNG.runSuitesLocally(TestNG.java:1169)
at org.testng.TestNG.runSuites(TestNG.java:1092)
at org.testng.TestNG.run(TestNG.java:1060)
at org.testng.remote.AbstractRemoteTestNG.run(AbstractRemoteTestNG.java:115)
at org.testng.remote.RemoteTestNG.initAndRun(RemoteTestNG.java:251)
at org.testng.remote.RemoteTestNG.main(RemoteTestNG.java:77)
]]>
    </error>
  </testcase> <!-- setUp -->
  <system-out/>
  <testcase classname="com.DsAlgo.testCases.QueuePageTest" name="queueImplmntPageLoadTest" time="0.000">
    <skipped/>
  </testcase> <!-- queueImplmntPageLoadTest -->
  <system-out/>
  <testcase classname="com.DsAlgo.testCases.QueuePageTest" name="Queue_arraysImplmntPageLoadTest" time="0.000">
    <skipped/>
  </testcase> <!-- Queue_arraysImplmntPageLoadTest -->
  <system-out/>
  <testcase classname="com.DsAlgo.testCases.QueuePageTest" name="Queue_dequeueImplmntPageLoadTest" time="0.000">
    <skipped/>
  </testcase> <!-- Queue_dequeueImplmntPageLoadTest -->
  <system-out/>
  <testcase classname="com.DsAlgo.testCases.QueuePageTest" name="Queue_queueOpsPageLoadTest" time="0.000">
    <skipped/>
  </testcase> <!-- Queue_queueOpsPageLoadTest -->
  <system-out/>
  <testcase classname="com.DsAlgo.testCases.QueuePageTest" name="QueueImplmnt_clickTryTest" time="0.000">
    <skipped/>
  </testcase> <!-- QueueImplmnt_clickTryTest -->
  <system-out/>
  <testcase classname="com.DsAlgo.testCases.QueuePageTest" name="dequeueImplmntPg_clickTryTest" time="0.000">
    <skipped/>
  </testcase> <!-- dequeueImplmntPg_clickTryTest -->
  <system-out/>
  <testcase classname="com.DsAlgo.testCases.QueuePageTest" name="arraysImplmntPg_clickTryTest" time="0.000">
    <skipped/>
  </testcase> <!-- arraysImplmntPg_clickTryTest -->
  <system-out/>
  <testcase classname="com.DsAlgo.testCases.QueuePageTest" name="queueOpsPg_clickTryTest" time="0.000">
    <skipped/>
  </testcase> <!-- queueOpsPg_clickTryTest -->
  <system-out/>
  <testcase classname="com.DsAlgo.testCases.QueuePageTest" name="apps_clickPractise" time="0.000">
    <skipped/>
  </testcase> <!-- apps_clickPractise -->
  <system-out/>
</testsuite> <!-- com.DsAlgo.testCases.QueuePageTest -->
