<?xml version="1.0" encoding="UTF-8"?>
<!-- Generated by org.testng.reporters.JUnitReportReporter -->
<testsuite hostname="DESKTOP-5QO856R" failures="0" tests="16" name="com.DsAlgo.testCases.ArraysPageTest" time="3.936" errors="1" timestamp="2022-07-02T16:54:42 EDT" skipped="15">
  <testcase classname="com.DsAlgo.testCases.ArraysPageTest" name="setUp" time="3.935">
    <error message="invalid selector: Unable to locate an element with the xpath expression //a[contains(text(),&quot;Sign in&quot;] because of the following error:
SyntaxError: Failed to execute &#039;evaluate&#039; on &#039;Document&#039;: The string &#039;//a[contains(text(),&quot;Sign in&quot;]&#039; is not a valid XPath expression.
  (Session info: MicrosoftEdge=103.0.1264.44)
For documentation on this error, please visit: https://selenium.dev/exceptions/#invalid_selector_exception
Build info: version: &#039;4.1.3&#039;, revision: &#039;7b1ebf28ef&#039;
System info: host: &#039;DESKTOP-5QO856R&#039;, ip: &#039;192.168.1.158&#039;, os.name: &#039;Windows 10&#039;, os.arch: &#039;amd64&#039;, os.version: &#039;10.0&#039;, java.version: &#039;17.0.1&#039;
Driver info: org.openqa.selenium.edge.EdgeDriver
Command: [c60ab2056d2e5b04e841934642e95c74, findElement {using=xpath, value=//a[contains(text(),&quot;Sign in&quot;]}]
Capabilities {acceptInsecureCerts: false, browserName: msedge, browserVersion: 103.0.1264.44, javascriptEnabled: true, ms:edgeOptions: {debuggerAddress: localhost:63400}, msedge: {msedgedriverVersion: 103.0.1264.45 (c9e1f39b2be4..., userDataDir: C:\Users\divya\AppData\Loca...}, networkConnectionEnabled: false, pageLoadStrategy: normal, platform: WINDOWS, platformName: WINDOWS, proxy: Proxy(), se:cdp: ws://localhost:63400/devtoo..., se:cdpVersion: 103.0.1264.44, setWindowRect: true, strictFileInteractability: false, timeouts: {implicit: 0, pageLoad: 300000, script: 30000}, unhandledPromptBehavior: dismiss and notify, webauthn:extension:credBlob: true, webauthn:extension:largeBlob: true, webauthn:virtualAuthenticators: true}
Session ID: c60ab2056d2e5b04e841934642e95c74" type="org.openqa.selenium.InvalidSelectorException">
      <![CDATA[org.openqa.selenium.InvalidSelectorException: invalid selector: Unable to locate an element with the xpath expression //a[contains(text(),"Sign in"] because of the following error:
SyntaxError: Failed to execute 'evaluate' on 'Document': The string '//a[contains(text(),"Sign in"]' is not a valid XPath expression.
  (Session info: MicrosoftEdge=103.0.1264.44)
For documentation on this error, please visit: https://selenium.dev/exceptions/#invalid_selector_exception
Build info: version: '4.1.3', revision: '7b1ebf28ef'
System info: host: 'DESKTOP-5QO856R', ip: '192.168.1.158', os.name: 'Windows 10', os.arch: 'amd64', os.version: '10.0', java.version: '17.0.1'
Driver info: org.openqa.selenium.edge.EdgeDriver
Command: [c60ab2056d2e5b04e841934642e95c74, findElement {using=xpath, value=//a[contains(text(),"Sign in"]}]
Capabilities {acceptInsecureCerts: false, browserName: msedge, browserVersion: 103.0.1264.44, javascriptEnabled: true, ms:edgeOptions: {debuggerAddress: localhost:63400}, msedge: {msedgedriverVersion: 103.0.1264.45 (c9e1f39b2be4..., userDataDir: C:\Users\divya\AppData\Loca...}, networkConnectionEnabled: false, pageLoadStrategy: normal, platform: WINDOWS, platformName: WINDOWS, proxy: Proxy(), se:cdp: ws://localhost:63400/devtoo..., se:cdpVersion: 103.0.1264.44, setWindowRect: true, strictFileInteractability: false, timeouts: {implicit: 0, pageLoad: 300000, script: 30000}, unhandledPromptBehavior: dismiss and notify, webauthn:extension:credBlob: true, webauthn:extension:largeBlob: true, webauthn:virtualAuthenticators: true}
Session ID: c60ab2056d2e5b04e841934642e95c74
at java.base/jdk.internal.reflect.NativeConstructorAccessorImpl.newInstance0(Native Method)
at java.base/jdk.internal.reflect.NativeConstructorAccessorImpl.newInstance(NativeConstructorAccessorImpl.java:77)
at java.base/jdk.internal.reflect.DelegatingConstructorAccessorImpl.newInstance(DelegatingConstructorAccessorImpl.java:45)
at java.base/java.lang.reflect.Constructor.newInstanceWithCaller(Constructor.java:499)
at java.base/java.lang.reflect.Constructor.newInstance(Constructor.java:480)
at org.openqa.selenium.remote.codec.w3c.W3CHttpResponseCodec.createException(W3CHttpResponseCodec.java:200)
at org.openqa.selenium.remote.codec.w3c.W3CHttpResponseCodec.decode(W3CHttpResponseCodec.java:133)
at org.openqa.selenium.remote.codec.w3c.W3CHttpResponseCodec.decode(W3CHttpResponseCodec.java:53)
at org.openqa.selenium.remote.HttpCommandExecutor.execute(HttpCommandExecutor.java:184)
at org.openqa.selenium.remote.service.DriverCommandExecutor.invokeExecute(DriverCommandExecutor.java:167)
at org.openqa.selenium.remote.service.DriverCommandExecutor.execute(DriverCommandExecutor.java:142)
at org.openqa.selenium.remote.RemoteWebDriver.execute(RemoteWebDriver.java:567)
at org.openqa.selenium.remote.ElementLocation$ElementFinder$2.findElement(ElementLocation.java:162)
at org.openqa.selenium.remote.ElementLocation.findElement(ElementLocation.java:60)
at org.openqa.selenium.remote.RemoteWebDriver.findElement(RemoteWebDriver.java:385)
at org.openqa.selenium.remote.RemoteWebDriver.findElement(RemoteWebDriver.java:377)
at org.openqa.selenium.support.pagefactory.DefaultElementLocator.findElement(DefaultElementLocator.java:70)
at org.openqa.selenium.support.pagefactory.internal.LocatingElementHandler.invoke(LocatingElementHandler.java:39)
at jdk.proxy2/jdk.proxy2.$Proxy19.click(Unknown Source)
at com.DsAlgo.Pages.HomePage.clickSignIn(HomePage.java:131)
at com.DsAlgo.testCases.ArraysPageTest.setUp(ArraysPageTest.java:39)
at java.base/jdk.internal.reflect.NativeMethodAccessorImpl.invoke0(Native Method)
at java.base/jdk.internal.reflect.NativeMethodAccessorImpl.invoke(NativeMethodAccessorImpl.java:77)
at java.base/jdk.internal.reflect.DelegatingMethodAccessorImpl.invoke(DelegatingMethodAccessorImpl.java:43)
at java.base/java.lang.reflect.Method.invoke(Method.java:568)
at org.testng.internal.invokers.MethodInvocationHelper.invokeMethod(MethodInvocationHelper.java:135)
at org.testng.internal.invokers.MethodInvocationHelper.invokeMethodConsideringTimeout(MethodInvocationHelper.java:65)
at org.testng.internal.invokers.ConfigInvoker.invokeConfigurationMethod(ConfigInvoker.java:381)
at org.testng.internal.invokers.ConfigInvoker.invokeConfigurations(ConfigInvoker.java:319)
at org.testng.internal.invokers.TestInvoker.runConfigMethods(TestInvoker.java:803)
at org.testng.internal.invokers.TestInvoker.invokeMethod(TestInvoker.java:589)
at org.testng.internal.invokers.TestInvoker.invokeTestMethod(TestInvoker.java:220)
at org.testng.internal.invokers.MethodRunner.runInSequence(MethodRunner.java:50)
at org.testng.internal.invokers.TestInvoker$MethodInvocationAgent.invoke(TestInvoker.java:945)
at org.testng.internal.invokers.TestInvoker.invokeTestMethods(TestInvoker.java:193)
at org.testng.internal.invokers.TestMethodWorker.invokeTestMethods(TestMethodWorker.java:146)
at org.testng.internal.invokers.TestMethodWorker.run(TestMethodWorker.java:128)
at java.base/java.util.ArrayList.forEach(ArrayList.java:1511)
at org.testng.TestRunner.privateRun(TestRunner.java:808)
at org.testng.TestRunner.run(TestRunner.java:603)
at org.testng.SuiteRunner.runTest(SuiteRunner.java:429)
at org.testng.SuiteRunner.runSequentially(SuiteRunner.java:423)
at org.testng.SuiteRunner.privateRun(SuiteRunner.java:383)
at org.testng.SuiteRunner.run(SuiteRunner.java:326)
at org.testng.SuiteRunnerWorker.runSuite(SuiteRunnerWorker.java:52)
at org.testng.SuiteRunnerWorker.run(SuiteRunnerWorker.java:95)
at org.testng.TestNG.runSuitesSequentially(TestNG.java:1249)
at org.testng.TestNG.runSuitesLocally(TestNG.java:1169)
at org.testng.TestNG.runSuites(TestNG.java:1092)
at org.testng.TestNG.run(TestNG.java:1060)
at org.testng.remote.AbstractRemoteTestNG.run(AbstractRemoteTestNG.java:115)
at org.testng.remote.RemoteTestNG.initAndRun(RemoteTestNG.java:251)
at org.testng.remote.RemoteTestNG.main(RemoteTestNG.java:77)
]]>
    </error>
  </testcase> <!-- setUp -->
  <system-out/>
  <testcase classname="com.DsAlgo.testCases.ArraysPageTest" name="arraysPageLoadTest" time="0.000">
    <skipped/>
  </testcase> <!-- arraysPageLoadTest -->
  <system-out/>
  <testcase classname="com.DsAlgo.testCases.ArraysPageTest" name="arraysInPythonPageLoadTest" time="0.000">
    <skipped/>
  </testcase> <!-- arraysInPythonPageLoadTest -->
  <system-out/>
  <testcase classname="com.DsAlgo.testCases.ArraysPageTest" name="arraysListPageLoadTest" time="0.000">
    <skipped/>
  </testcase> <!-- arraysListPageLoadTest -->
  <system-out/>
  <testcase classname="com.DsAlgo.testCases.ArraysPageTest" name="arraysBasicOpsPageLoadTest" time="0.000">
    <skipped/>
  </testcase> <!-- arraysBasicOpsPageLoadTest -->
  <system-out/>
  <testcase classname="com.DsAlgo.testCases.ArraysPageTest" name="arraysAppsPageLoadTest" time="0.000">
    <skipped/>
  </testcase> <!-- arraysAppsPageLoadTest -->
  <system-out/>
  <testcase classname="com.DsAlgo.testCases.ArraysPageTest" name="practiceQnsPageLoadTest" time="0.000">
    <skipped/>
  </testcase> <!-- practiceQnsPageLoadTest -->
  <system-out/>
  <testcase classname="com.DsAlgo.testCases.ArraysPageTest" name="tryHerePageLoadTest" time="0.000">
    <skipped/>
  </testcase> <!-- tryHerePageLoadTest -->
  <system-out/>
  <testcase classname="com.DsAlgo.testCases.ArraysPageTest" name="arraysInPyPgtryTest" time="0.001">
    <skipped/>
  </testcase> <!-- arraysInPyPgtryTest -->
  <system-out/>
  <testcase classname="com.DsAlgo.testCases.ArraysPageTest" name="arraysListtryTest" time="0.000">
    <skipped/>
  </testcase> <!-- arraysListtryTest -->
  <system-out/>
  <testcase classname="com.DsAlgo.testCases.ArraysPageTest" name="arraysBasicOpstryTest" time="0.000">
    <skipped/>
  </testcase> <!-- arraysBasicOpstryTest -->
  <system-out/>
  <testcase classname="com.DsAlgo.testCases.ArraysPageTest" name="arraysAppstryTest" time="0.000">
    <skipped/>
  </testcase> <!-- arraysAppstryTest -->
  <system-out/>
  <testcase classname="com.DsAlgo.testCases.ArraysPageTest" name="validatesrchArrayTest" time="0.000">
    <skipped/>
  </testcase> <!-- validatesrchArrayTest -->
  <system-out/>
  <testcase classname="com.DsAlgo.testCases.ArraysPageTest" name="validatesrtdArrayTest" time="0.000">
    <skipped/>
  </testcase> <!-- validatesrtdArrayTest -->
  <system-out/>
  <testcase classname="com.DsAlgo.testCases.ArraysPageTest" name="validateMaxConsecutivePageTest" time="0.000">
    <skipped/>
  </testcase> <!-- validateMaxConsecutivePageTest -->
  <system-out/>
  <testcase classname="com.DsAlgo.testCases.ArraysPageTest" name="validateEvenPageTest" time="0.000">
    <skipped/>
  </testcase> <!-- validateEvenPageTest -->
  <system-out/>
</testsuite> <!-- com.DsAlgo.testCases.ArraysPageTest -->
